{"C:\\Users\\rodrigobarroso\\Documents\\PROJETOS\\rodrigothaualimabarroso964208\\src\\components\\Button.tsx": {"path":"C:\\Users\\rodrigobarroso\\Documents\\PROJETOS\\rodrigothaualimabarroso964208\\src\\components\\Button.tsx","statementMap":{"0":{"start":{"line":9,"column":45},"end":{"line":34,"column":null}},"1":{"start":{"line":17,"column":21},"end":{"line":17,"column":null}},"2":{"start":{"line":19,"column":24},"end":{"line":23,"column":null}},"3":{"start":{"line":25,"column":2},"end":{"line":32,"column":null}}},"fnMap":{"0":{"name":"(anonymous_0)","decl":{"start":{"line":9,"column":45},"end":{"line":9,"column":46}},"loc":{"start":{"line":16,"column":6},"end":{"line":34,"column":null}},"line":16}},"branchMap":{"0":{"loc":{"start":{"line":11,"column":2},"end":{"line":11,"column":null}},"type":"default-arg","locations":[{"start":{"line":11,"column":12},"end":{"line":11,"column":null}}],"line":11},"1":{"loc":{"start":{"line":12,"column":2},"end":{"line":12,"column":null}},"type":"default-arg","locations":[{"start":{"line":12,"column":14},"end":{"line":12,"column":null}}],"line":12},"2":{"loc":{"start":{"line":13,"column":2},"end":{"line":13,"column":null}},"type":"default-arg","locations":[{"start":{"line":13,"column":14},"end":{"line":13,"column":null}}],"line":13},"3":{"loc":{"start":{"line":28,"column":16},"end":{"line":28,"column":null}},"type":"binary-expr","locations":[{"start":{"line":28,"column":16},"end":{"line":28,"column":28}},{"start":{"line":28,"column":28},"end":{"line":28,"column":null}}],"line":28},"4":{"loc":{"start":{"line":31,"column":7},"end":{"line":31,"column":null}},"type":"cond-expr","locations":[{"start":{"line":31,"column":19},"end":{"line":31,"column":37}},{"start":{"line":31,"column":37},"end":{"line":31,"column":null}}],"line":31}},"s":{"0":3,"1":24,"2":24,"3":24},"f":{"0":24},"b":{"0":[24],"1":[24],"2":[24],"3":[24,23],"4":[2,22]},"meta":{"lastBranch":5,"lastFunction":1,"lastStatement":4,"seen":{"s:9:45:34:Infinity":0,"f:9:45:9:46":0,"b:11:12:11:Infinity":0,"b:12:14:12:Infinity":1,"b:13:14:13:Infinity":2,"s:17:21:17:Infinity":1,"s:19:24:23:Infinity":2,"s:25:2:32:Infinity":3,"b:28:16:28:28:28:28:28:Infinity":3,"b:31:19:31:37:31:37:31:Infinity":4}}}
,"C:\\Users\\rodrigobarroso\\Documents\\PROJETOS\\rodrigothaualimabarroso964208\\src\\components\\Card.tsx": {"path":"C:\\Users\\rodrigobarroso\\Documents\\PROJETOS\\rodrigothaualimabarroso964208\\src\\components\\Card.tsx","statementMap":{"0":{"start":{"line":9,"column":41},"end":{"line":20,"column":null}},"1":{"start":{"line":10,"column":2},"end":{"line":18,"column":null}}},"fnMap":{"0":{"name":"(anonymous_0)","decl":{"start":{"line":9,"column":41},"end":{"line":9,"column":42}},"loc":{"start":{"line":9,"column":84},"end":{"line":20,"column":null}},"line":9}},"branchMap":{"0":{"loc":{"start":{"line":9,"column":54},"end":{"line":9,"column":70}},"type":"default-arg","locations":[{"start":{"line":9,"column":66},"end":{"line":9,"column":70}}],"line":9},"1":{"loc":{"start":{"line":13,"column":8},"end":{"line":13,"column":null}},"type":"cond-expr","locations":[{"start":{"line":13,"column":18},"end":{"line":13,"column":71}},{"start":{"line":13,"column":71},"end":{"line":13,"column":null}}],"line":13}},"s":{"0":1,"1":5},"f":{"0":5},"b":{"0":[5],"1":[2,3]},"meta":{"lastBranch":2,"lastFunction":1,"lastStatement":2,"seen":{"s:9:41:20:Infinity":0,"f:9:41:9:42":0,"b:9:66:9:70":0,"s:10:2:18:Infinity":1,"b:13:18:13:71:13:71:13:Infinity":1}}}
,"C:\\Users\\rodrigobarroso\\Documents\\PROJETOS\\rodrigothaualimabarroso964208\\src\\components\\ConfirmDialog.tsx": {"path":"C:\\Users\\rodrigobarroso\\Documents\\PROJETOS\\rodrigothaualimabarroso964208\\src\\components\\ConfirmDialog.tsx","statementMap":{"0":{"start":{"line":13,"column":59},"end":{"line":41,"column":null}},"1":{"start":{"line":21,"column":2},"end":{"line":39,"column":null}}},"fnMap":{"0":{"name":"(anonymous_0)","decl":{"start":{"line":13,"column":59},"end":{"line":13,"column":60}},"loc":{"start":{"line":20,"column":6},"end":{"line":41,"column":null}},"line":20}},"branchMap":{"0":{"loc":{"start":{"line":18,"column":2},"end":{"line":18,"column":null}},"type":"default-arg","locations":[{"start":{"line":18,"column":16},"end":{"line":18,"column":null}}],"line":18},"1":{"loc":{"start":{"line":19,"column":2},"end":{"line":19,"column":null}},"type":"default-arg","locations":[{"start":{"line":19,"column":15},"end":{"line":19,"column":null}}],"line":19}},"s":{"0":1,"1":5},"f":{"0":5},"b":{"0":[5],"1":[5]},"meta":{"lastBranch":2,"lastFunction":1,"lastStatement":2,"seen":{"s:13:59:41:Infinity":0,"f:13:59:13:60":0,"b:18:16:18:Infinity":0,"b:19:15:19:Infinity":1,"s:21:2:39:Infinity":1}}}
,"C:\\Users\\rodrigobarroso\\Documents\\PROJETOS\\rodrigothaualimabarroso964208\\src\\components\\Input.tsx": {"path":"C:\\Users\\rodrigobarroso\\Documents\\PROJETOS\\rodrigothaualimabarroso964208\\src\\components\\Input.tsx","statementMap":{"0":{"start":{"line":9,"column":13},"end":{"line":33,"column":null}},"1":{"start":{"line":11,"column":10},"end":{"line":11,"column":null}},"2":{"start":{"line":12,"column":20},"end":{"line":12,"column":null}},"3":{"start":{"line":14,"column":4},"end":{"line":30,"column":null}},"4":{"start":{"line":35,"column":0},"end":{"line":35,"column":null}}},"fnMap":{"0":{"name":"(anonymous_0)","decl":{"start":{"line":10,"column":2},"end":{"line":10,"column":3}},"loc":{"start":{"line":10,"column":71},"end":{"line":32,"column":null}},"line":10}},"branchMap":{"0":{"loc":{"start":{"line":10,"column":19},"end":{"line":10,"column":35}},"type":"default-arg","locations":[{"start":{"line":10,"column":31},"end":{"line":10,"column":35}}],"line":10},"1":{"loc":{"start":{"line":12,"column":20},"end":{"line":12,"column":null}},"type":"binary-expr","locations":[{"start":{"line":12,"column":20},"end":{"line":12,"column":34}},{"start":{"line":12,"column":34},"end":{"line":12,"column":null}}],"line":12},"2":{"loc":{"start":{"line":16,"column":9},"end":{"line":19,"column":null}},"type":"binary-expr","locations":[{"start":{"line":16,"column":9},"end":{"line":16,"column":null}},{"start":{"line":17,"column":10},"end":{"line":19,"column":null}}],"line":16},"3":{"loc":{"start":{"line":25,"column":12},"end":{"line":25,"column":null}},"type":"cond-expr","locations":[{"start":{"line":25,"column":20},"end":{"line":25,"column":39}},{"start":{"line":25,"column":39},"end":{"line":25,"column":null}}],"line":25},"4":{"loc":{"start":{"line":29,"column":9},"end":{"line":29,"column":null}},"type":"binary-expr","locations":[{"start":{"line":29,"column":9},"end":{"line":29,"column":18}},{"start":{"line":29,"column":18},"end":{"line":29,"column":null}}],"line":29}},"s":{"0":1,"1":9,"2":9,"3":9,"4":1},"f":{"0":9},"b":{"0":[9],"1":[9,9],"2":[9,1],"3":[2,7],"4":[9,2]},"meta":{"lastBranch":5,"lastFunction":1,"lastStatement":5,"seen":{"s:9:13:33:Infinity":0,"f:10:2:10:3":0,"b:10:31:10:35":0,"s:11:10:11:Infinity":1,"s:12:20:12:Infinity":2,"b:12:20:12:34:12:34:12:Infinity":1,"s:14:4:30:Infinity":3,"b:16:9:16:Infinity:17:10:19:Infinity":2,"b:25:20:25:39:25:39:25:Infinity":3,"b:29:9:29:18:29:18:29:Infinity":4,"s:35:0:35:Infinity":4}}}
,"C:\\Users\\rodrigobarroso\\Documents\\PROJETOS\\rodrigothaualimabarroso964208\\src\\components\\Loading.tsx": {"path":"C:\\Users\\rodrigobarroso\\Documents\\PROJETOS\\rodrigothaualimabarroso964208\\src\\components\\Loading.tsx","statementMap":{"0":{"start":{"line":7,"column":47},"end":{"line":16,"column":null}},"1":{"start":{"line":8,"column":2},"end":{"line":14,"column":null}}},"fnMap":{"0":{"name":"(anonymous_0)","decl":{"start":{"line":7,"column":47},"end":{"line":7,"column":48}},"loc":{"start":{"line":7,"column":82},"end":{"line":16,"column":null}},"line":7}},"branchMap":{"0":{"loc":{"start":{"line":7,"column":50},"end":{"line":7,"column":76}},"type":"default-arg","locations":[{"start":{"line":7,"column":60},"end":{"line":7,"column":76}}],"line":7}},"s":{"0":1,"1":2},"f":{"0":2},"b":{"0":[2]},"meta":{"lastBranch":1,"lastFunction":1,"lastStatement":2,"seen":{"s:7:47:16:Infinity":0,"f:7:47:7:48":0,"b:7:60:7:76":0,"s:8:2:14:Infinity":1}}}
,"C:\\Users\\rodrigobarroso\\Documents\\PROJETOS\\rodrigothaualimabarroso964208\\src\\components\\Pagination.tsx": {"path":"C:\\Users\\rodrigobarroso\\Documents\\PROJETOS\\rodrigothaualimabarroso964208\\src\\components\\Pagination.tsx","statementMap":{"0":{"start":{"line":9,"column":53},"end":{"line":51,"column":null}},"1":{"start":{"line":14,"column":2},"end":{"line":14,"column":null}},"2":{"start":{"line":14,"column":23},"end":{"line":14,"column":null}},"3":{"start":{"line":16,"column":16},"end":{"line":16,"column":null}},"4":{"start":{"line":16,"column":61},"end":{"line":16,"column":62}},"5":{"start":{"line":18,"column":2},"end":{"line":49,"column":null}},"6":{"start":{"line":21,"column":23},"end":{"line":21,"column":null}},"7":{"start":{"line":29,"column":8},"end":{"line":39,"column":null}},"8":{"start":{"line":31,"column":25},"end":{"line":31,"column":null}},"9":{"start":{"line":43,"column":23},"end":{"line":43,"column":null}}},"fnMap":{"0":{"name":"(anonymous_0)","decl":{"start":{"line":9,"column":53},"end":{"line":9,"column":54}},"loc":{"start":{"line":13,"column":6},"end":{"line":51,"column":null}},"line":13},"1":{"name":"(anonymous_1)","decl":{"start":{"line":16,"column":51},"end":{"line":16,"column":52}},"loc":{"start":{"line":16,"column":61},"end":{"line":16,"column":62}},"line":16},"2":{"name":"(anonymous_2)","decl":{"start":{"line":21,"column":17},"end":{"line":21,"column":23}},"loc":{"start":{"line":21,"column":23},"end":{"line":21,"column":null}},"line":21},"3":{"name":"(anonymous_3)","decl":{"start":{"line":28,"column":17},"end":{"line":28,"column":18}},"loc":{"start":{"line":29,"column":8},"end":{"line":39,"column":null}},"line":29},"4":{"name":"(anonymous_4)","decl":{"start":{"line":31,"column":19},"end":{"line":31,"column":25}},"loc":{"start":{"line":31,"column":25},"end":{"line":31,"column":null}},"line":31},"5":{"name":"(anonymous_5)","decl":{"start":{"line":43,"column":17},"end":{"line":43,"column":23}},"loc":{"start":{"line":43,"column":23},"end":{"line":43,"column":null}},"line":43}},"branchMap":{"0":{"loc":{"start":{"line":14,"column":2},"end":{"line":14,"column":null}},"type":"if","locations":[{"start":{"line":14,"column":2},"end":{"line":14,"column":null}},{"start":{},"end":{}}],"line":14},"1":{"loc":{"start":{"line":33,"column":12},"end":{"line":35,"column":null}},"type":"cond-expr","locations":[{"start":{"line":34,"column":16},"end":{"line":34,"column":null}},{"start":{"line":35,"column":16},"end":{"line":35,"column":null}}],"line":33}},"s":{"0":1,"1":6,"2":0,"3":6,"4":30,"5":6,"6":1,"7":30,"8":0,"9":1},"f":{"0":6,"1":30,"2":1,"3":30,"4":0,"5":1},"b":{"0":[0,6],"1":[6,24]},"meta":{"lastBranch":2,"lastFunction":6,"lastStatement":10,"seen":{"s:9:53:51:Infinity":0,"f:9:53:9:54":0,"b:14:2:14:Infinity:undefined:undefined:undefined:undefined":0,"s:14:2:14:Infinity":1,"s:14:23:14:Infinity":2,"s:16:16:16:Infinity":3,"f:16:51:16:52":1,"s:16:61:16:62":4,"s:18:2:49:Infinity":5,"f:21:17:21:23":2,"s:21:23:21:Infinity":6,"f:28:17:28:18":3,"s:29:8:39:Infinity":7,"f:31:19:31:25":4,"s:31:25:31:Infinity":8,"b:34:16:34:Infinity:35:16:35:Infinity":1,"f:43:17:43:23":5,"s:43:23:43:Infinity":9}}}
,"C:\\Users\\rodrigobarroso\\Documents\\PROJETOS\\rodrigothaualimabarroso964208\\src\\components\\Toast.tsx": {"path":"C:\\Users\\rodrigobarroso\\Documents\\PROJETOS\\rodrigothaualimabarroso964208\\src\\components\\Toast.tsx","statementMap":{"0":{"start":{"line":10,"column":43},"end":{"line":47,"column":null}},"1":{"start":{"line":16,"column":2},"end":{"line":19,"column":null}},"2":{"start":{"line":17,"column":18},"end":{"line":17,"column":null}},"3":{"start":{"line":18,"column":4},"end":{"line":18,"column":null}},"4":{"start":{"line":18,"column":17},"end":{"line":18,"column":null}},"5":{"start":{"line":21,"column":18},"end":{"line":25,"column":null}},"6":{"start":{"line":27,"column":15},"end":{"line":31,"column":null}},"7":{"start":{"line":33,"column":2},"end":{"line":45,"column":null}}},"fnMap":{"0":{"name":"(anonymous_0)","decl":{"start":{"line":10,"column":43},"end":{"line":10,"column":44}},"loc":{"start":{"line":15,"column":6},"end":{"line":47,"column":null}},"line":15},"1":{"name":"(anonymous_1)","decl":{"start":{"line":16,"column":12},"end":{"line":16,"column":18}},"loc":{"start":{"line":16,"column":18},"end":{"line":19,"column":5}},"line":16},"2":{"name":"(anonymous_2)","decl":{"start":{"line":18,"column":11},"end":{"line":18,"column":17}},"loc":{"start":{"line":18,"column":17},"end":{"line":18,"column":null}},"line":18}},"branchMap":{"0":{"loc":{"start":{"line":12,"column":2},"end":{"line":12,"column":null}},"type":"default-arg","locations":[{"start":{"line":12,"column":9},"end":{"line":12,"column":null}}],"line":12},"1":{"loc":{"start":{"line":14,"column":2},"end":{"line":14,"column":null}},"type":"default-arg","locations":[{"start":{"line":14,"column":13},"end":{"line":14,"column":null}}],"line":14}},"s":{"0":1,"1":6,"2":6,"3":6,"4":6,"5":6,"6":6,"7":6},"f":{"0":6,"1":6,"2":6},"b":{"0":[6],"1":[6]},"meta":{"lastBranch":2,"lastFunction":3,"lastStatement":8,"seen":{"s:10:43:47:Infinity":0,"f:10:43:10:44":0,"b:12:9:12:Infinity":0,"b:14:13:14:Infinity":1,"s:16:2:19:Infinity":1,"f:16:12:16:18":1,"s:17:18:17:Infinity":2,"s:18:4:18:Infinity":3,"f:18:11:18:17":2,"s:18:17:18:Infinity":4,"s:21:18:25:Infinity":5,"s:27:15:31:Infinity":6,"s:33:2:45:Infinity":7}}}
,"C:\\Users\\rodrigobarroso\\Documents\\PROJETOS\\rodrigothaualimabarroso964208\\src\\hooks\\useToast.ts": {"path":"C:\\Users\\rodrigobarroso\\Documents\\PROJETOS\\rodrigothaualimabarroso964208\\src\\hooks\\useToast.ts","statementMap":{"0":{"start":{"line":9,"column":24},"end":{"line":25,"column":null}},"1":{"start":{"line":10,"column":24},"end":{"line":14,"column":null}},"2":{"start":{"line":16,"column":8},"end":{"line":18,"column":null}},"3":{"start":{"line":17,"column":4},"end":{"line":17,"column":null}},"4":{"start":{"line":20,"column":8},"end":{"line":22,"column":null}},"5":{"start":{"line":21,"column":4},"end":{"line":21,"column":null}},"6":{"start":{"line":21,"column":24},"end":{"line":21,"column":49}},"7":{"start":{"line":24,"column":2},"end":{"line":24,"column":null}}},"fnMap":{"0":{"name":"(anonymous_0)","decl":{"start":{"line":9,"column":24},"end":{"line":9,"column":30}},"loc":{"start":{"line":9,"column":30},"end":{"line":25,"column":null}},"line":9},"1":{"name":"(anonymous_1)","decl":{"start":{"line":16,"column":32},"end":{"line":16,"column":33}},"loc":{"start":{"line":16,"column":101},"end":{"line":18,"column":5}},"line":16},"2":{"name":"(anonymous_2)","decl":{"start":{"line":20,"column":32},"end":{"line":20,"column":38}},"loc":{"start":{"line":20,"column":38},"end":{"line":22,"column":5}},"line":20},"3":{"name":"(anonymous_3)","decl":{"start":{"line":21,"column":13},"end":{"line":21,"column":14}},"loc":{"start":{"line":21,"column":24},"end":{"line":21,"column":49}},"line":21}},"branchMap":{"0":{"loc":{"start":{"line":16,"column":50},"end":{"line":16,"column":101}},"type":"default-arg","locations":[{"start":{"line":16,"column":87},"end":{"line":16,"column":101}}],"line":16}},"s":{"0":1,"1":10,"2":10,"3":4,"4":10,"5":1,"6":1,"7":10},"f":{"0":10,"1":4,"2":1,"3":1},"b":{"0":[4]},"meta":{"lastBranch":1,"lastFunction":4,"lastStatement":8,"seen":{"s:9:24:25:Infinity":0,"f:9:24:9:30":0,"s:10:24:14:Infinity":1,"s:16:8:18:Infinity":2,"f:16:32:16:33":1,"b:16:87:16:101":0,"s:17:4:17:Infinity":3,"s:20:8:22:Infinity":4,"f:20:32:20:38":2,"s:21:4:21:Infinity":5,"f:21:13:21:14":3,"s:21:24:21:49":6,"s:24:2:24:Infinity":7}}}
,"C:\\Users\\rodrigobarroso\\Documents\\PROJETOS\\rodrigothaualimabarroso964208\\src\\services\\api.ts": {"path":"C:\\Users\\rodrigobarroso\\Documents\\PROJETOS\\rodrigothaualimabarroso964208\\src\\services\\api.ts","statementMap":{"0":{"start":{"line":4,"column":21},"end":{"line":4,"column":null}},"1":{"start":{"line":6,"column":18},"end":{"line":11,"column":null}},"2":{"start":{"line":14,"column":0},"end":{"line":25,"column":null}},"3":{"start":{"line":16,"column":18},"end":{"line":16,"column":null}},"4":{"start":{"line":17,"column":4},"end":{"line":19,"column":null}},"5":{"start":{"line":18,"column":6},"end":{"line":18,"column":null}},"6":{"start":{"line":20,"column":4},"end":{"line":20,"column":null}},"7":{"start":{"line":23,"column":4},"end":{"line":23,"column":null}},"8":{"start":{"line":28,"column":0},"end":{"line":69,"column":null}},"9":{"start":{"line":29,"column":31},"end":{"line":29,"column":null}},"10":{"start":{"line":31,"column":28},"end":{"line":31,"column":null}},"11":{"start":{"line":33,"column":4},"end":{"line":65,"column":null}},"12":{"start":{"line":34,"column":6},"end":{"line":34,"column":null}},"13":{"start":{"line":36,"column":6},"end":{"line":64,"column":null}},"14":{"start":{"line":37,"column":29},"end":{"line":37,"column":null}},"15":{"start":{"line":38,"column":8},"end":{"line":58,"column":null}},"16":{"start":{"line":39,"column":27},"end":{"line":47,"column":null}},"17":{"start":{"line":49,"column":50},"end":{"line":49,"column":null}},"18":{"start":{"line":50,"column":10},"end":{"line":50,"column":null}},"19":{"start":{"line":51,"column":10},"end":{"line":51,"column":null}},"20":{"start":{"line":53,"column":10},"end":{"line":55,"column":null}},"21":{"start":{"line":54,"column":12},"end":{"line":54,"column":null}},"22":{"start":{"line":57,"column":10},"end":{"line":57,"column":null}},"23":{"start":{"line":60,"column":8},"end":{"line":60,"column":null}},"24":{"start":{"line":61,"column":8},"end":{"line":61,"column":null}},"25":{"start":{"line":62,"column":8},"end":{"line":62,"column":null}},"26":{"start":{"line":63,"column":8},"end":{"line":63,"column":null}},"27":{"start":{"line":67,"column":4},"end":{"line":67,"column":null}}},"fnMap":{"0":{"name":"(anonymous_0)","decl":{"start":{"line":15,"column":2},"end":{"line":15,"column":3}},"loc":{"start":{"line":15,"column":42},"end":{"line":21,"column":null}},"line":15},"1":{"name":"(anonymous_1)","decl":{"start":{"line":22,"column":2},"end":{"line":22,"column":3}},"loc":{"start":{"line":22,"column":25},"end":{"line":24,"column":null}},"line":22},"2":{"name":"(anonymous_2)","decl":{"start":{"line":29,"column":2},"end":{"line":29,"column":3}},"loc":{"start":{"line":29,"column":31},"end":{"line":29,"column":null}},"line":29},"3":{"name":"(anonymous_3)","decl":{"start":{"line":30,"column":2},"end":{"line":30,"column":9}},"loc":{"start":{"line":30,"column":31},"end":{"line":68,"column":null}},"line":30}},"branchMap":{"0":{"loc":{"start":{"line":17,"column":4},"end":{"line":19,"column":null}},"type":"if","locations":[{"start":{"line":17,"column":4},"end":{"line":19,"column":null}},{"start":{},"end":{}}],"line":17},"1":{"loc":{"start":{"line":17,"column":8},"end":{"line":17,"column":33}},"type":"binary-expr","locations":[{"start":{"line":17,"column":8},"end":{"line":17,"column":17}},{"start":{"line":17,"column":17},"end":{"line":17,"column":33}}],"line":17},"2":{"loc":{"start":{"line":33,"column":4},"end":{"line":65,"column":null}},"type":"if","locations":[{"start":{"line":33,"column":4},"end":{"line":65,"column":null}},{"start":{},"end":{}}],"line":33},"3":{"loc":{"start":{"line":33,"column":8},"end":{"line":33,"column":67}},"type":"binary-expr","locations":[{"start":{"line":33,"column":8},"end":{"line":33,"column":42}},{"start":{"line":33,"column":42},"end":{"line":33,"column":67}}],"line":33},"4":{"loc":{"start":{"line":38,"column":8},"end":{"line":58,"column":null}},"type":"if","locations":[{"start":{"line":38,"column":8},"end":{"line":58,"column":null}},{"start":{},"end":{}}],"line":38},"5":{"loc":{"start":{"line":53,"column":10},"end":{"line":55,"column":null}},"type":"if","locations":[{"start":{"line":53,"column":10},"end":{"line":55,"column":null}},{"start":{},"end":{}}],"line":53}},"s":{"0":4,"1":4,"2":4,"3":0,"4":0,"5":0,"6":0,"7":0,"8":4,"9":0,"10":0,"11":0,"12":0,"13":0,"14":0,"15":0,"16":0,"17":0,"18":0,"19":0,"20":0,"21":0,"22":0,"23":0,"24":0,"25":0,"26":0,"27":0},"f":{"0":0,"1":0,"2":0,"3":0},"b":{"0":[0,0],"1":[0,0],"2":[0,0],"3":[0,0],"4":[0,0],"5":[0,0]},"meta":{"lastBranch":6,"lastFunction":4,"lastStatement":28,"seen":{"s:4:21:4:Infinity":0,"s:6:18:11:Infinity":1,"s:14:0:25:Infinity":2,"f:15:2:15:3":0,"s:16:18:16:Infinity":3,"b:17:4:19:Infinity:undefined:undefined:undefined:undefined":0,"s:17:4:19:Infinity":4,"b:17:8:17:17:17:17:17:33":1,"s:18:6:18:Infinity":5,"s:20:4:20:Infinity":6,"f:22:2:22:3":1,"s:23:4:23:Infinity":7,"s:28:0:69:Infinity":8,"f:29:2:29:3":2,"s:29:31:29:Infinity":9,"f:30:2:30:9":3,"s:31:28:31:Infinity":10,"b:33:4:65:Infinity:undefined:undefined:undefined:undefined":2,"s:33:4:65:Infinity":11,"b:33:8:33:42:33:42:33:67":3,"s:34:6:34:Infinity":12,"s:36:6:64:Infinity":13,"s:37:29:37:Infinity":14,"b:38:8:58:Infinity:undefined:undefined:undefined:undefined":4,"s:38:8:58:Infinity":15,"s:39:27:47:Infinity":16,"s:49:50:49:Infinity":17,"s:50:10:50:Infinity":18,"s:51:10:51:Infinity":19,"b:53:10:55:Infinity:undefined:undefined:undefined:undefined":5,"s:53:10:55:Infinity":20,"s:54:12:54:Infinity":21,"s:57:10:57:Infinity":22,"s:60:8:60:Infinity":23,"s:61:8:61:Infinity":24,"s:62:8:62:Infinity":25,"s:63:8:63:Infinity":26,"s:67:4:67:Infinity":27}}}
,"C:\\Users\\rodrigobarroso\\Documents\\PROJETOS\\rodrigothaualimabarroso964208\\src\\services\\authService.ts": {"path":"C:\\Users\\rodrigobarroso\\Documents\\PROJETOS\\rodrigothaualimabarroso964208\\src\\services\\authService.ts","statementMap":{"0":{"start":{"line":4,"column":27},"end":{"line":44,"column":null}},"1":{"start":{"line":6,"column":4},"end":{"line":6,"column":null}},"2":{"start":{"line":7,"column":4},"end":{"line":19,"column":null}},"3":{"start":{"line":8,"column":23},"end":{"line":8,"column":null}},"4":{"start":{"line":9,"column":6},"end":{"line":9,"column":null}},"5":{"start":{"line":10,"column":6},"end":{"line":10,"column":null}},"6":{"start":{"line":12,"column":6},"end":{"line":17,"column":null}},"7":{"start":{"line":18,"column":6},"end":{"line":18,"column":null}},"8":{"start":{"line":23,"column":4},"end":{"line":37,"column":null}},"9":{"start":{"line":24,"column":23},"end":{"line":32,"column":null}},"10":{"start":{"line":33,"column":6},"end":{"line":33,"column":null}},"11":{"start":{"line":35,"column":6},"end":{"line":35,"column":null}},"12":{"start":{"line":36,"column":6},"end":{"line":36,"column":null}},"13":{"start":{"line":41,"column":4},"end":{"line":41,"column":null}},"14":{"start":{"line":42,"column":4},"end":{"line":42,"column":null}}},"fnMap":{"0":{"name":"(anonymous_0)","decl":{"start":{"line":5,"column":9},"end":{"line":5,"column":16}},"loc":{"start":{"line":5,"column":73},"end":{"line":20,"column":null}},"line":5},"1":{"name":"(anonymous_1)","decl":{"start":{"line":22,"column":11},"end":{"line":22,"column":18}},"loc":{"start":{"line":22,"column":66},"end":{"line":38,"column":null}},"line":22},"2":{"name":"(anonymous_2)","decl":{"start":{"line":40,"column":10},"end":{"line":40,"column":16}},"loc":{"start":{"line":40,"column":16},"end":{"line":43,"column":null}},"line":40}},"branchMap":{"0":{"loc":{"start":{"line":18,"column":22},"end":{"line":18,"column":100}},"type":"binary-expr","locations":[{"start":{"line":18,"column":22},"end":{"line":18,"column":55}},{"start":{"line":18,"column":55},"end":{"line":18,"column":100}}],"line":18}},"s":{"0":3,"1":2,"2":2,"3":2,"4":1,"5":1,"6":1,"7":1,"8":2,"9":2,"10":1,"11":1,"12":1,"13":2,"14":2},"f":{"0":2,"1":2,"2":2},"b":{"0":[1,1]},"meta":{"lastBranch":1,"lastFunction":3,"lastStatement":15,"seen":{"s:4:27:44:Infinity":0,"f:5:9:5:16":0,"s:6:4:6:Infinity":1,"s:7:4:19:Infinity":2,"s:8:23:8:Infinity":3,"s:9:6:9:Infinity":4,"s:10:6:10:Infinity":5,"s:12:6:17:Infinity":6,"s:18:6:18:Infinity":7,"b:18:22:18:55:18:55:18:100":0,"f:22:11:22:18":1,"s:23:4:37:Infinity":8,"s:24:23:32:Infinity":9,"s:33:6:33:Infinity":10,"s:35:6:35:Infinity":11,"s:36:6:36:Infinity":12,"f:40:10:40:16":2,"s:41:4:41:Infinity":13,"s:42:4:42:Infinity":14}}}
,"C:\\Users\\rodrigobarroso\\Documents\\PROJETOS\\rodrigothaualimabarroso964208\\src\\services\\petService.ts": {"path":"C:\\Users\\rodrigobarroso\\Documents\\PROJETOS\\rodrigothaualimabarroso964208\\src\\services\\petService.ts","statementMap":{"0":{"start":{"line":4,"column":26},"end":{"line":46,"column":null}},"1":{"start":{"line":6,"column":24},"end":{"line":6,"column":null}},"2":{"start":{"line":7,"column":4},"end":{"line":7,"column":null}},"3":{"start":{"line":7,"column":14},"end":{"line":7,"column":null}},"4":{"start":{"line":8,"column":21},"end":{"line":8,"column":null}},"5":{"start":{"line":9,"column":4},"end":{"line":9,"column":null}},"6":{"start":{"line":13,"column":21},"end":{"line":13,"column":null}},"7":{"start":{"line":14,"column":4},"end":{"line":14,"column":null}},"8":{"start":{"line":18,"column":21},"end":{"line":18,"column":null}},"9":{"start":{"line":19,"column":4},"end":{"line":19,"column":null}},"10":{"start":{"line":23,"column":21},"end":{"line":23,"column":null}},"11":{"start":{"line":24,"column":4},"end":{"line":24,"column":null}},"12":{"start":{"line":28,"column":21},"end":{"line":28,"column":null}},"13":{"start":{"line":29,"column":4},"end":{"line":29,"column":null}},"14":{"start":{"line":33,"column":21},"end":{"line":33,"column":null}},"15":{"start":{"line":34,"column":4},"end":{"line":34,"column":null}},"16":{"start":{"line":35,"column":21},"end":{"line":39,"column":null}},"17":{"start":{"line":40,"column":4},"end":{"line":40,"column":null}},"18":{"start":{"line":44,"column":4},"end":{"line":44,"column":null}}},"fnMap":{"0":{"name":"(anonymous_0)","decl":{"start":{"line":5,"column":10},"end":{"line":5,"column":17}},"loc":{"start":{"line":5,"column":89},"end":{"line":10,"column":null}},"line":5},"1":{"name":"(anonymous_1)","decl":{"start":{"line":12,"column":11},"end":{"line":12,"column":18}},"loc":{"start":{"line":12,"column":56},"end":{"line":15,"column":null}},"line":12},"2":{"name":"(anonymous_2)","decl":{"start":{"line":17,"column":10},"end":{"line":17,"column":17}},"loc":{"start":{"line":17,"column":53},"end":{"line":20,"column":null}},"line":17},"3":{"name":"(anonymous_3)","decl":{"start":{"line":22,"column":10},"end":{"line":22,"column":17}},"loc":{"start":{"line":22,"column":65},"end":{"line":25,"column":null}},"line":22},"4":{"name":"(anonymous_4)","decl":{"start":{"line":27,"column":10},"end":{"line":27,"column":17}},"loc":{"start":{"line":27,"column":49},"end":{"line":30,"column":null}},"line":27},"5":{"name":"(anonymous_5)","decl":{"start":{"line":32,"column":15},"end":{"line":32,"column":22}},"loc":{"start":{"line":32,"column":63},"end":{"line":41,"column":null}},"line":32},"6":{"name":"(anonymous_6)","decl":{"start":{"line":43,"column":15},"end":{"line":43,"column":22}},"loc":{"start":{"line":43,"column":68},"end":{"line":45,"column":null}},"line":43}},"branchMap":{"0":{"loc":{"start":{"line":5,"column":17},"end":{"line":5,"column":27}},"type":"default-arg","locations":[{"start":{"line":5,"column":24},"end":{"line":5,"column":27}}],"line":5},"1":{"loc":{"start":{"line":5,"column":27},"end":{"line":5,"column":38}},"type":"default-arg","locations":[{"start":{"line":5,"column":34},"end":{"line":5,"column":38}}],"line":5},"2":{"loc":{"start":{"line":7,"column":4},"end":{"line":7,"column":null}},"type":"if","locations":[{"start":{"line":7,"column":4},"end":{"line":7,"column":null}},{"start":{},"end":{}}],"line":7}},"s":{"0":2,"1":2,"2":2,"3":1,"4":2,"5":2,"6":1,"7":1,"8":1,"9":1,"10":1,"11":1,"12":1,"13":1,"14":0,"15":0,"16":0,"17":0,"18":0},"f":{"0":2,"1":1,"2":1,"3":1,"4":1,"5":0,"6":0},"b":{"0":[2],"1":[2],"2":[1,1]},"meta":{"lastBranch":3,"lastFunction":7,"lastStatement":19,"seen":{"s:4:26:46:Infinity":0,"f:5:10:5:17":0,"b:5:24:5:27":0,"b:5:34:5:38":1,"s:6:24:6:Infinity":1,"b:7:4:7:Infinity:undefined:undefined:undefined:undefined":2,"s:7:4:7:Infinity":2,"s:7:14:7:Infinity":3,"s:8:21:8:Infinity":4,"s:9:4:9:Infinity":5,"f:12:11:12:18":1,"s:13:21:13:Infinity":6,"s:14:4:14:Infinity":7,"f:17:10:17:17":2,"s:18:21:18:Infinity":8,"s:19:4:19:Infinity":9,"f:22:10:22:17":3,"s:23:21:23:Infinity":10,"s:24:4:24:Infinity":11,"f:27:10:27:17":4,"s:28:21:28:Infinity":12,"s:29:4:29:Infinity":13,"f:32:15:32:22":5,"s:33:21:33:Infinity":14,"s:34:4:34:Infinity":15,"s:35:21:39:Infinity":16,"s:40:4:40:Infinity":17,"f:43:15:43:22":6,"s:44:4:44:Infinity":18}}}
,"C:\\Users\\rodrigobarroso\\Documents\\PROJETOS\\rodrigothaualimabarroso964208\\src\\services\\tutorService.ts": {"path":"C:\\Users\\rodrigobarroso\\Documents\\PROJETOS\\rodrigothaualimabarroso964208\\src\\services\\tutorService.ts","statementMap":{"0":{"start":{"line":4,"column":28},"end":{"line":56,"column":null}},"1":{"start":{"line":6,"column":24},"end":{"line":6,"column":null}},"2":{"start":{"line":7,"column":4},"end":{"line":7,"column":null}},"3":{"start":{"line":7,"column":14},"end":{"line":7,"column":null}},"4":{"start":{"line":8,"column":21},"end":{"line":8,"column":null}},"5":{"start":{"line":9,"column":4},"end":{"line":9,"column":null}},"6":{"start":{"line":13,"column":21},"end":{"line":13,"column":null}},"7":{"start":{"line":14,"column":4},"end":{"line":14,"column":null}},"8":{"start":{"line":18,"column":21},"end":{"line":18,"column":null}},"9":{"start":{"line":19,"column":4},"end":{"line":19,"column":null}},"10":{"start":{"line":23,"column":21},"end":{"line":23,"column":null}},"11":{"start":{"line":24,"column":4},"end":{"line":24,"column":null}},"12":{"start":{"line":28,"column":21},"end":{"line":28,"column":null}},"13":{"start":{"line":29,"column":4},"end":{"line":29,"column":null}},"14":{"start":{"line":33,"column":21},"end":{"line":33,"column":null}},"15":{"start":{"line":34,"column":4},"end":{"line":34,"column":null}},"16":{"start":{"line":35,"column":21},"end":{"line":39,"column":null}},"17":{"start":{"line":40,"column":4},"end":{"line":40,"column":null}},"18":{"start":{"line":44,"column":4},"end":{"line":44,"column":null}},"19":{"start":{"line":48,"column":21},"end":{"line":48,"column":null}},"20":{"start":{"line":49,"column":4},"end":{"line":49,"column":null}},"21":{"start":{"line":53,"column":21},"end":{"line":53,"column":null}},"22":{"start":{"line":54,"column":4},"end":{"line":54,"column":null}}},"fnMap":{"0":{"name":"(anonymous_0)","decl":{"start":{"line":5,"column":10},"end":{"line":5,"column":17}},"loc":{"start":{"line":5,"column":91},"end":{"line":10,"column":null}},"line":5},"1":{"name":"(anonymous_1)","decl":{"start":{"line":12,"column":11},"end":{"line":12,"column":18}},"loc":{"start":{"line":12,"column":57},"end":{"line":15,"column":null}},"line":12},"2":{"name":"(anonymous_2)","decl":{"start":{"line":17,"column":10},"end":{"line":17,"column":17}},"loc":{"start":{"line":17,"column":59},"end":{"line":20,"column":null}},"line":17},"3":{"name":"(anonymous_3)","decl":{"start":{"line":22,"column":10},"end":{"line":22,"column":17}},"loc":{"start":{"line":22,"column":71},"end":{"line":25,"column":null}},"line":22},"4":{"name":"(anonymous_4)","decl":{"start":{"line":27,"column":10},"end":{"line":27,"column":17}},"loc":{"start":{"line":27,"column":49},"end":{"line":30,"column":null}},"line":27},"5":{"name":"(anonymous_5)","decl":{"start":{"line":32,"column":15},"end":{"line":32,"column":22}},"loc":{"start":{"line":32,"column":63},"end":{"line":41,"column":null}},"line":32},"6":{"name":"(anonymous_6)","decl":{"start":{"line":43,"column":15},"end":{"line":43,"column":22}},"loc":{"start":{"line":43,"column":68},"end":{"line":45,"column":null}},"line":43},"7":{"name":"(anonymous_7)","decl":{"start":{"line":47,"column":11},"end":{"line":47,"column":18}},"loc":{"start":{"line":47,"column":70},"end":{"line":50,"column":null}},"line":47},"8":{"name":"(anonymous_8)","decl":{"start":{"line":52,"column":13},"end":{"line":52,"column":20}},"loc":{"start":{"line":52,"column":72},"end":{"line":55,"column":null}},"line":52}},"branchMap":{"0":{"loc":{"start":{"line":5,"column":17},"end":{"line":5,"column":27}},"type":"default-arg","locations":[{"start":{"line":5,"column":24},"end":{"line":5,"column":27}}],"line":5},"1":{"loc":{"start":{"line":5,"column":27},"end":{"line":5,"column":38}},"type":"default-arg","locations":[{"start":{"line":5,"column":34},"end":{"line":5,"column":38}}],"line":5},"2":{"loc":{"start":{"line":7,"column":4},"end":{"line":7,"column":null}},"type":"if","locations":[{"start":{"line":7,"column":4},"end":{"line":7,"column":null}},{"start":{},"end":{}}],"line":7}},"s":{"0":2,"1":1,"2":1,"3":0,"4":1,"5":1,"6":1,"7":1,"8":1,"9":1,"10":1,"11":1,"12":1,"13":1,"14":0,"15":0,"16":0,"17":0,"18":0,"19":0,"20":0,"21":0,"22":0},"f":{"0":1,"1":1,"2":1,"3":1,"4":1,"5":0,"6":0,"7":0,"8":0},"b":{"0":[1],"1":[1],"2":[0,1]},"meta":{"lastBranch":3,"lastFunction":9,"lastStatement":23,"seen":{"s:4:28:56:Infinity":0,"f:5:10:5:17":0,"b:5:24:5:27":0,"b:5:34:5:38":1,"s:6:24:6:Infinity":1,"b:7:4:7:Infinity:undefined:undefined:undefined:undefined":2,"s:7:4:7:Infinity":2,"s:7:14:7:Infinity":3,"s:8:21:8:Infinity":4,"s:9:4:9:Infinity":5,"f:12:11:12:18":1,"s:13:21:13:Infinity":6,"s:14:4:14:Infinity":7,"f:17:10:17:17":2,"s:18:21:18:Infinity":8,"s:19:4:19:Infinity":9,"f:22:10:22:17":3,"s:23:21:23:Infinity":10,"s:24:4:24:Infinity":11,"f:27:10:27:17":4,"s:28:21:28:Infinity":12,"s:29:4:29:Infinity":13,"f:32:15:32:22":5,"s:33:21:33:Infinity":14,"s:34:4:34:Infinity":15,"s:35:21:39:Infinity":16,"s:40:4:40:Infinity":17,"f:43:15:43:22":6,"s:44:4:44:Infinity":18,"f:47:11:47:18":7,"s:48:21:48:Infinity":19,"s:49:4:49:Infinity":20,"f:52:13:52:20":8,"s:53:21:53:Infinity":21,"s:54:4:54:Infinity":22}}}
,"C:\\Users\\rodrigobarroso\\Documents\\PROJETOS\\rodrigothaualimabarroso964208\\src\\store\\authSlice.ts": {"path":"C:\\Users\\rodrigobarroso\\Documents\\PROJETOS\\rodrigothaualimabarroso964208\\src\\store\\authSlice.ts","statementMap":{"0":{"start":{"line":14,"column":32},"end":{"line":20,"column":null}},"1":{"start":{"line":22,"column":13},"end":{"line":38,"column":null}},"2":{"start":{"line":25,"column":4},"end":{"line":36,"column":null}},"3":{"start":{"line":26,"column":23},"end":{"line":26,"column":null}},"4":{"start":{"line":27,"column":6},"end":{"line":27,"column":null}},"5":{"start":{"line":28,"column":6},"end":{"line":28,"column":null}},"6":{"start":{"line":29,"column":6},"end":{"line":32,"column":null}},"7":{"start":{"line":33,"column":6},"end":{"line":33,"column":null}},"8":{"start":{"line":35,"column":6},"end":{"line":35,"column":null}},"9":{"start":{"line":40,"column":13},"end":{"line":52,"column":null}},"10":{"start":{"line":43,"column":4},"end":{"line":50,"column":null}},"11":{"start":{"line":44,"column":23},"end":{"line":44,"column":null}},"12":{"start":{"line":45,"column":6},"end":{"line":45,"column":null}},"13":{"start":{"line":46,"column":6},"end":{"line":46,"column":null}},"14":{"start":{"line":47,"column":6},"end":{"line":47,"column":null}},"15":{"start":{"line":49,"column":6},"end":{"line":49,"column":null}},"16":{"start":{"line":54,"column":6},"end":{"line":97,"column":null}},"17":{"start":{"line":59,"column":6},"end":{"line":59,"column":null}},"18":{"start":{"line":60,"column":6},"end":{"line":60,"column":null}},"19":{"start":{"line":61,"column":6},"end":{"line":61,"column":null}},"20":{"start":{"line":62,"column":6},"end":{"line":62,"column":null}},"21":{"start":{"line":65,"column":6},"end":{"line":65,"column":null}},"22":{"start":{"line":69,"column":4},"end":{"line":95,"column":null}},"23":{"start":{"line":72,"column":8},"end":{"line":72,"column":null}},"24":{"start":{"line":73,"column":8},"end":{"line":73,"column":null}},"25":{"start":{"line":76,"column":8},"end":{"line":76,"column":null}},"26":{"start":{"line":77,"column":8},"end":{"line":77,"column":null}},"27":{"start":{"line":78,"column":8},"end":{"line":78,"column":null}},"28":{"start":{"line":79,"column":8},"end":{"line":79,"column":null}},"29":{"start":{"line":80,"column":8},"end":{"line":80,"column":null}},"30":{"start":{"line":83,"column":8},"end":{"line":83,"column":null}},"31":{"start":{"line":84,"column":8},"end":{"line":84,"column":null}},"32":{"start":{"line":88,"column":8},"end":{"line":88,"column":null}},"33":{"start":{"line":89,"column":8},"end":{"line":89,"column":null}},"34":{"start":{"line":92,"column":8},"end":{"line":92,"column":null}},"35":{"start":{"line":93,"column":8},"end":{"line":93,"column":null}},"36":{"start":{"line":94,"column":8},"end":{"line":94,"column":null}},"37":{"start":{"line":99,"column":38},"end":{"line":99,"column":null}}},"fnMap":{"0":{"name":"(anonymous_0)","decl":{"start":{"line":24,"column":2},"end":{"line":24,"column":9}},"loc":{"start":{"line":24,"column":64},"end":{"line":37,"column":null}},"line":24},"1":{"name":"(anonymous_1)","decl":{"start":{"line":42,"column":2},"end":{"line":42,"column":9}},"loc":{"start":{"line":42,"column":48},"end":{"line":51,"column":null}},"line":42},"2":{"name":"(anonymous_2)","decl":{"start":{"line":58,"column":12},"end":{"line":58,"column":13}},"loc":{"start":{"line":58,"column":23},"end":{"line":63,"column":null}},"line":58},"3":{"name":"(anonymous_3)","decl":{"start":{"line":64,"column":16},"end":{"line":64,"column":17}},"loc":{"start":{"line":64,"column":27},"end":{"line":66,"column":null}},"line":64},"4":{"name":"(anonymous_4)","decl":{"start":{"line":68,"column":17},"end":{"line":68,"column":18}},"loc":{"start":{"line":68,"column":30},"end":{"line":96,"column":null}},"line":68},"5":{"name":"(anonymous_5)","decl":{"start":{"line":71,"column":30},"end":{"line":71,"column":31}},"loc":{"start":{"line":71,"column":41},"end":{"line":74,"column":7}},"line":71},"6":{"name":"(anonymous_6)","decl":{"start":{"line":75,"column":32},"end":{"line":75,"column":33}},"loc":{"start":{"line":75,"column":80},"end":{"line":81,"column":7}},"line":75},"7":{"name":"(anonymous_7)","decl":{"start":{"line":82,"column":31},"end":{"line":82,"column":32}},"loc":{"start":{"line":82,"column":50},"end":{"line":85,"column":7}},"line":82},"8":{"name":"(anonymous_8)","decl":{"start":{"line":87,"column":39},"end":{"line":87,"column":40}},"loc":{"start":{"line":87,"column":87},"end":{"line":90,"column":7}},"line":87},"9":{"name":"(anonymous_9)","decl":{"start":{"line":91,"column":38},"end":{"line":91,"column":39}},"loc":{"start":{"line":91,"column":49},"end":{"line":95,"column":7}},"line":91}},"branchMap":{"0":{"loc":{"start":{"line":35,"column":29},"end":{"line":35,"column":78}},"type":"binary-expr","locations":[{"start":{"line":35,"column":29},"end":{"line":35,"column":62}},{"start":{"line":35,"column":62},"end":{"line":35,"column":78}}],"line":35},"1":{"loc":{"start":{"line":49,"column":29},"end":{"line":49,"column":86}},"type":"binary-expr","locations":[{"start":{"line":49,"column":29},"end":{"line":49,"column":62}},{"start":{"line":49,"column":62},"end":{"line":49,"column":86}}],"line":49}},"s":{"0":2,"1":2,"2":0,"3":0,"4":0,"5":0,"6":0,"7":0,"8":0,"9":2,"10":0,"11":0,"12":0,"13":0,"14":0,"15":0,"16":2,"17":2,"18":2,"19":2,"20":2,"21":0,"22":2,"23":1,"24":1,"25":1,"26":1,"27":1,"28":1,"29":1,"30":1,"31":1,"32":0,"33":0,"34":0,"35":0,"36":0,"37":2},"f":{"0":0,"1":0,"2":2,"3":0,"4":2,"5":1,"6":1,"7":1,"8":0,"9":0},"b":{"0":[0,0],"1":[0,0]},"meta":{"lastBranch":2,"lastFunction":10,"lastStatement":38,"seen":{"s:14:32:20:Infinity":0,"s:22:13:38:Infinity":1,"f:24:2:24:9":0,"s:25:4:36:Infinity":2,"s:26:23:26:Infinity":3,"s:27:6:27:Infinity":4,"s:28:6:28:Infinity":5,"s:29:6:32:Infinity":6,"s:33:6:33:Infinity":7,"s:35:6:35:Infinity":8,"b:35:29:35:62:35:62:35:78":0,"s:40:13:52:Infinity":9,"f:42:2:42:9":1,"s:43:4:50:Infinity":10,"s:44:23:44:Infinity":11,"s:45:6:45:Infinity":12,"s:46:6:46:Infinity":13,"s:47:6:47:Infinity":14,"s:49:6:49:Infinity":15,"b:49:29:49:62:49:62:49:86":1,"s:54:6:97:Infinity":16,"f:58:12:58:13":2,"s:59:6:59:Infinity":17,"s:60:6:60:Infinity":18,"s:61:6:61:Infinity":19,"s:62:6:62:Infinity":20,"f:64:16:64:17":3,"s:65:6:65:Infinity":21,"f:68:17:68:18":4,"s:69:4:95:Infinity":22,"f:71:30:71:31":5,"s:72:8:72:Infinity":23,"s:73:8:73:Infinity":24,"f:75:32:75:33":6,"s:76:8:76:Infinity":25,"s:77:8:77:Infinity":26,"s:78:8:78:Infinity":27,"s:79:8:79:Infinity":28,"s:80:8:80:Infinity":29,"f:82:31:82:32":7,"s:83:8:83:Infinity":30,"s:84:8:84:Infinity":31,"f:87:39:87:40":8,"s:88:8:88:Infinity":32,"s:89:8:89:Infinity":33,"f:91:38:91:39":9,"s:92:8:92:Infinity":34,"s:93:8:93:Infinity":35,"s:94:8:94:Infinity":36,"s:99:38:99:Infinity":37}}}
,"C:\\Users\\rodrigobarroso\\Documents\\PROJETOS\\rodrigothaualimabarroso964208\\src\\store\\petSlice.ts": {"path":"C:\\Users\\rodrigobarroso\\Documents\\PROJETOS\\rodrigothaualimabarroso964208\\src\\store\\petSlice.ts","statementMap":{"0":{"start":{"line":20,"column":31},"end":{"line":32,"column":null}},"1":{"start":{"line":34,"column":13},"end":{"line":44,"column":null}},"2":{"start":{"line":37,"column":4},"end":{"line":42,"column":null}},"3":{"start":{"line":38,"column":23},"end":{"line":38,"column":null}},"4":{"start":{"line":39,"column":6},"end":{"line":39,"column":null}},"5":{"start":{"line":41,"column":6},"end":{"line":41,"column":null}},"6":{"start":{"line":46,"column":13},"end":{"line":56,"column":null}},"7":{"start":{"line":49,"column":4},"end":{"line":54,"column":null}},"8":{"start":{"line":50,"column":23},"end":{"line":50,"column":null}},"9":{"start":{"line":51,"column":6},"end":{"line":51,"column":null}},"10":{"start":{"line":53,"column":6},"end":{"line":53,"column":null}},"11":{"start":{"line":58,"column":13},"end":{"line":68,"column":null}},"12":{"start":{"line":61,"column":4},"end":{"line":66,"column":null}},"13":{"start":{"line":62,"column":23},"end":{"line":62,"column":null}},"14":{"start":{"line":63,"column":6},"end":{"line":63,"column":null}},"15":{"start":{"line":65,"column":6},"end":{"line":65,"column":null}},"16":{"start":{"line":70,"column":13},"end":{"line":80,"column":null}},"17":{"start":{"line":73,"column":4},"end":{"line":78,"column":null}},"18":{"start":{"line":74,"column":23},"end":{"line":74,"column":null}},"19":{"start":{"line":75,"column":6},"end":{"line":75,"column":null}},"20":{"start":{"line":77,"column":6},"end":{"line":77,"column":null}},"21":{"start":{"line":82,"column":13},"end":{"line":92,"column":null}},"22":{"start":{"line":85,"column":4},"end":{"line":90,"column":null}},"23":{"start":{"line":86,"column":22},"end":{"line":86,"column":null}},"24":{"start":{"line":87,"column":6},"end":{"line":87,"column":null}},"25":{"start":{"line":89,"column":6},"end":{"line":89,"column":null}},"26":{"start":{"line":94,"column":13},"end":{"line":104,"column":null}},"27":{"start":{"line":97,"column":4},"end":{"line":102,"column":null}},"28":{"start":{"line":98,"column":23},"end":{"line":98,"column":null}},"29":{"start":{"line":99,"column":6},"end":{"line":99,"column":null}},"30":{"start":{"line":101,"column":6},"end":{"line":101,"column":null}},"31":{"start":{"line":106,"column":6},"end":{"line":209,"column":null}},"32":{"start":{"line":111,"column":6},"end":{"line":111,"column":null}},"33":{"start":{"line":114,"column":6},"end":{"line":114,"column":null}},"34":{"start":{"line":117,"column":6},"end":{"line":117,"column":null}},"35":{"start":{"line":121,"column":4},"end":{"line":207,"column":null}},"36":{"start":{"line":124,"column":8},"end":{"line":124,"column":null}},"37":{"start":{"line":125,"column":8},"end":{"line":125,"column":null}},"38":{"start":{"line":128,"column":8},"end":{"line":128,"column":null}},"39":{"start":{"line":129,"column":8},"end":{"line":129,"column":null}},"40":{"start":{"line":130,"column":8},"end":{"line":135,"column":null}},"41":{"start":{"line":138,"column":8},"end":{"line":138,"column":null}},"42":{"start":{"line":139,"column":8},"end":{"line":139,"column":null}},"43":{"start":{"line":143,"column":8},"end":{"line":143,"column":null}},"44":{"start":{"line":144,"column":8},"end":{"line":144,"column":null}},"45":{"start":{"line":147,"column":8},"end":{"line":147,"column":null}},"46":{"start":{"line":148,"column":8},"end":{"line":148,"column":null}},"47":{"start":{"line":151,"column":8},"end":{"line":151,"column":null}},"48":{"start":{"line":152,"column":8},"end":{"line":152,"column":null}},"49":{"start":{"line":156,"column":8},"end":{"line":156,"column":null}},"50":{"start":{"line":157,"column":8},"end":{"line":157,"column":null}},"51":{"start":{"line":160,"column":8},"end":{"line":160,"column":null}},"52":{"start":{"line":161,"column":8},"end":{"line":161,"column":null}},"53":{"start":{"line":164,"column":8},"end":{"line":164,"column":null}},"54":{"start":{"line":165,"column":8},"end":{"line":165,"column":null}},"55":{"start":{"line":169,"column":8},"end":{"line":169,"column":null}},"56":{"start":{"line":170,"column":8},"end":{"line":170,"column":null}},"57":{"start":{"line":173,"column":8},"end":{"line":173,"column":null}},"58":{"start":{"line":174,"column":22},"end":{"line":174,"column":null}},"59":{"start":{"line":174,"column":48},"end":{"line":174,"column":74}},"60":{"start":{"line":175,"column":8},"end":{"line":177,"column":null}},"61":{"start":{"line":176,"column":10},"end":{"line":176,"column":null}},"62":{"start":{"line":180,"column":8},"end":{"line":180,"column":null}},"63":{"start":{"line":181,"column":8},"end":{"line":181,"column":null}},"64":{"start":{"line":185,"column":8},"end":{"line":185,"column":null}},"65":{"start":{"line":186,"column":8},"end":{"line":186,"column":null}},"66":{"start":{"line":189,"column":8},"end":{"line":189,"column":null}},"67":{"start":{"line":190,"column":8},"end":{"line":190,"column":null}},"68":{"start":{"line":190,"column":44},"end":{"line":190,"column":70}},"69":{"start":{"line":193,"column":8},"end":{"line":193,"column":null}},"70":{"start":{"line":194,"column":8},"end":{"line":194,"column":null}},"71":{"start":{"line":198,"column":8},"end":{"line":198,"column":null}},"72":{"start":{"line":199,"column":8},"end":{"line":199,"column":null}},"73":{"start":{"line":202,"column":8},"end":{"line":202,"column":null}},"74":{"start":{"line":205,"column":8},"end":{"line":205,"column":null}},"75":{"start":{"line":206,"column":8},"end":{"line":206,"column":null}},"76":{"start":{"line":211,"column":63},"end":{"line":211,"column":null}}},"fnMap":{"0":{"name":"(anonymous_0)","decl":{"start":{"line":36,"column":2},"end":{"line":36,"column":9}},"loc":{"start":{"line":36,"column":113},"end":{"line":43,"column":null}},"line":36},"1":{"name":"(anonymous_1)","decl":{"start":{"line":48,"column":2},"end":{"line":48,"column":9}},"loc":{"start":{"line":48,"column":45},"end":{"line":55,"column":null}},"line":48},"2":{"name":"(anonymous_2)","decl":{"start":{"line":60,"column":2},"end":{"line":60,"column":9}},"loc":{"start":{"line":60,"column":52},"end":{"line":67,"column":null}},"line":60},"3":{"name":"(anonymous_3)","decl":{"start":{"line":72,"column":2},"end":{"line":72,"column":9}},"loc":{"start":{"line":72,"column":81},"end":{"line":79,"column":null}},"line":72},"4":{"name":"(anonymous_4)","decl":{"start":{"line":84,"column":2},"end":{"line":84,"column":9}},"loc":{"start":{"line":84,"column":45},"end":{"line":91,"column":null}},"line":84},"5":{"name":"(anonymous_5)","decl":{"start":{"line":96,"column":2},"end":{"line":96,"column":9}},"loc":{"start":{"line":96,"column":75},"end":{"line":103,"column":null}},"line":96},"6":{"name":"(anonymous_6)","decl":{"start":{"line":110,"column":20},"end":{"line":110,"column":21}},"loc":{"start":{"line":110,"column":62},"end":{"line":112,"column":null}},"line":110},"7":{"name":"(anonymous_7)","decl":{"start":{"line":113,"column":21},"end":{"line":113,"column":22}},"loc":{"start":{"line":113,"column":32},"end":{"line":115,"column":null}},"line":113},"8":{"name":"(anonymous_8)","decl":{"start":{"line":116,"column":16},"end":{"line":116,"column":17}},"loc":{"start":{"line":116,"column":27},"end":{"line":118,"column":null}},"line":116},"9":{"name":"(anonymous_9)","decl":{"start":{"line":120,"column":17},"end":{"line":120,"column":18}},"loc":{"start":{"line":120,"column":30},"end":{"line":208,"column":null}},"line":120},"10":{"name":"(anonymous_10)","decl":{"start":{"line":123,"column":34},"end":{"line":123,"column":35}},"loc":{"start":{"line":123,"column":45},"end":{"line":126,"column":7}},"line":123},"11":{"name":"(anonymous_11)","decl":{"start":{"line":127,"column":36},"end":{"line":127,"column":37}},"loc":{"start":{"line":127,"column":94},"end":{"line":136,"column":7}},"line":127},"12":{"name":"(anonymous_12)","decl":{"start":{"line":137,"column":35},"end":{"line":137,"column":36}},"loc":{"start":{"line":137,"column":54},"end":{"line":140,"column":7}},"line":137},"13":{"name":"(anonymous_13)","decl":{"start":{"line":142,"column":37},"end":{"line":142,"column":38}},"loc":{"start":{"line":142,"column":48},"end":{"line":145,"column":7}},"line":142},"14":{"name":"(anonymous_14)","decl":{"start":{"line":146,"column":39},"end":{"line":146,"column":40}},"loc":{"start":{"line":146,"column":87},"end":{"line":149,"column":7}},"line":146},"15":{"name":"(anonymous_15)","decl":{"start":{"line":150,"column":38},"end":{"line":150,"column":39}},"loc":{"start":{"line":150,"column":57},"end":{"line":153,"column":7}},"line":150},"16":{"name":"(anonymous_16)","decl":{"start":{"line":155,"column":34},"end":{"line":155,"column":35}},"loc":{"start":{"line":155,"column":45},"end":{"line":158,"column":7}},"line":155},"17":{"name":"(anonymous_17)","decl":{"start":{"line":159,"column":36},"end":{"line":159,"column":37}},"loc":{"start":{"line":159,"column":75},"end":{"line":162,"column":7}},"line":159},"18":{"name":"(anonymous_18)","decl":{"start":{"line":163,"column":35},"end":{"line":163,"column":36}},"loc":{"start":{"line":163,"column":54},"end":{"line":166,"column":7}},"line":163},"19":{"name":"(anonymous_19)","decl":{"start":{"line":168,"column":34},"end":{"line":168,"column":35}},"loc":{"start":{"line":168,"column":45},"end":{"line":171,"column":7}},"line":168},"20":{"name":"(anonymous_20)","decl":{"start":{"line":172,"column":36},"end":{"line":172,"column":37}},"loc":{"start":{"line":172,"column":75},"end":{"line":178,"column":7}},"line":172},"21":{"name":"(anonymous_21)","decl":{"start":{"line":174,"column":43},"end":{"line":174,"column":48}},"loc":{"start":{"line":174,"column":48},"end":{"line":174,"column":74}},"line":174},"22":{"name":"(anonymous_22)","decl":{"start":{"line":179,"column":35},"end":{"line":179,"column":36}},"loc":{"start":{"line":179,"column":54},"end":{"line":182,"column":7}},"line":179},"23":{"name":"(anonymous_23)","decl":{"start":{"line":184,"column":34},"end":{"line":184,"column":35}},"loc":{"start":{"line":184,"column":45},"end":{"line":187,"column":7}},"line":184},"24":{"name":"(anonymous_24)","decl":{"start":{"line":188,"column":36},"end":{"line":188,"column":37}},"loc":{"start":{"line":188,"column":103},"end":{"line":191,"column":7}},"line":188},"25":{"name":"(anonymous_25)","decl":{"start":{"line":190,"column":39},"end":{"line":190,"column":44}},"loc":{"start":{"line":190,"column":44},"end":{"line":190,"column":70}},"line":190},"26":{"name":"(anonymous_26)","decl":{"start":{"line":192,"column":35},"end":{"line":192,"column":36}},"loc":{"start":{"line":192,"column":54},"end":{"line":195,"column":7}},"line":192},"27":{"name":"(anonymous_27)","decl":{"start":{"line":197,"column":39},"end":{"line":197,"column":40}},"loc":{"start":{"line":197,"column":50},"end":{"line":200,"column":7}},"line":197},"28":{"name":"(anonymous_28)","decl":{"start":{"line":201,"column":41},"end":{"line":201,"column":42}},"loc":{"start":{"line":201,"column":52},"end":{"line":203,"column":7}},"line":201},"29":{"name":"(anonymous_29)","decl":{"start":{"line":204,"column":40},"end":{"line":204,"column":41}},"loc":{"start":{"line":204,"column":59},"end":{"line":207,"column":7}},"line":204}},"branchMap":{"0":{"loc":{"start":{"line":36,"column":11},"end":{"line":36,"column":21}},"type":"default-arg","locations":[{"start":{"line":36,"column":18},"end":{"line":36,"column":21}}],"line":36},"1":{"loc":{"start":{"line":36,"column":21},"end":{"line":36,"column":32}},"type":"default-arg","locations":[{"start":{"line":36,"column":28},"end":{"line":36,"column":32}}],"line":36},"2":{"loc":{"start":{"line":41,"column":29},"end":{"line":41,"column":83}},"type":"binary-expr","locations":[{"start":{"line":41,"column":29},"end":{"line":41,"column":62}},{"start":{"line":41,"column":62},"end":{"line":41,"column":83}}],"line":41},"3":{"loc":{"start":{"line":53,"column":29},"end":{"line":53,"column":82}},"type":"binary-expr","locations":[{"start":{"line":53,"column":29},"end":{"line":53,"column":62}},{"start":{"line":53,"column":62},"end":{"line":53,"column":82}}],"line":53},"4":{"loc":{"start":{"line":65,"column":29},"end":{"line":65,"column":81}},"type":"binary-expr","locations":[{"start":{"line":65,"column":29},"end":{"line":65,"column":62}},{"start":{"line":65,"column":62},"end":{"line":65,"column":81}}],"line":65},"5":{"loc":{"start":{"line":77,"column":29},"end":{"line":77,"column":85}},"type":"binary-expr","locations":[{"start":{"line":77,"column":29},"end":{"line":77,"column":62}},{"start":{"line":77,"column":62},"end":{"line":77,"column":85}}],"line":77},"6":{"loc":{"start":{"line":89,"column":29},"end":{"line":89,"column":83}},"type":"binary-expr","locations":[{"start":{"line":89,"column":29},"end":{"line":89,"column":62}},{"start":{"line":89,"column":62},"end":{"line":89,"column":83}}],"line":89},"7":{"loc":{"start":{"line":101,"column":29},"end":{"line":101,"column":92}},"type":"binary-expr","locations":[{"start":{"line":101,"column":29},"end":{"line":101,"column":62}},{"start":{"line":101,"column":62},"end":{"line":101,"column":92}}],"line":101},"8":{"loc":{"start":{"line":175,"column":8},"end":{"line":177,"column":null}},"type":"if","locations":[{"start":{"line":175,"column":8},"end":{"line":177,"column":null}},{"start":{},"end":{}}],"line":175}},"s":{"0":1,"1":1,"2":0,"3":0,"4":0,"5":0,"6":1,"7":0,"8":0,"9":0,"10":0,"11":1,"12":0,"13":0,"14":0,"15":0,"16":1,"17":0,"18":0,"19":0,"20":0,"21":1,"22":0,"23":0,"24":0,"25":0,"26":1,"27":0,"28":0,"29":0,"30":0,"31":1,"32":1,"33":0,"34":0,"35":1,"36":1,"37":1,"38":1,"39":1,"40":1,"41":1,"42":1,"43":0,"44":0,"45":0,"46":0,"47":0,"48":0,"49":0,"50":0,"51":0,"52":0,"53":0,"54":0,"55":0,"56":0,"57":0,"58":0,"59":0,"60":0,"61":0,"62":0,"63":0,"64":0,"65":0,"66":0,"67":0,"68":0,"69":0,"70":0,"71":0,"72":0,"73":0,"74":0,"75":0,"76":1},"f":{"0":0,"1":0,"2":0,"3":0,"4":0,"5":0,"6":1,"7":0,"8":0,"9":1,"10":1,"11":1,"12":1,"13":0,"14":0,"15":0,"16":0,"17":0,"18":0,"19":0,"20":0,"21":0,"22":0,"23":0,"24":0,"25":0,"26":0,"27":0,"28":0,"29":0},"b":{"0":[0],"1":[0],"2":[0,0],"3":[0,0],"4":[0,0],"5":[0,0],"6":[0,0],"7":[0,0],"8":[0,0]},"meta":{"lastBranch":9,"lastFunction":30,"lastStatement":77,"seen":{"s:20:31:32:Infinity":0,"s:34:13:44:Infinity":1,"f:36:2:36:9":0,"b:36:18:36:21":0,"b:36:28:36:32":1,"s:37:4:42:Infinity":2,"s:38:23:38:Infinity":3,"s:39:6:39:Infinity":4,"s:41:6:41:Infinity":5,"b:41:29:41:62:41:62:41:83":2,"s:46:13:56:Infinity":6,"f:48:2:48:9":1,"s:49:4:54:Infinity":7,"s:50:23:50:Infinity":8,"s:51:6:51:Infinity":9,"s:53:6:53:Infinity":10,"b:53:29:53:62:53:62:53:82":3,"s:58:13:68:Infinity":11,"f:60:2:60:9":2,"s:61:4:66:Infinity":12,"s:62:23:62:Infinity":13,"s:63:6:63:Infinity":14,"s:65:6:65:Infinity":15,"b:65:29:65:62:65:62:65:81":4,"s:70:13:80:Infinity":16,"f:72:2:72:9":3,"s:73:4:78:Infinity":17,"s:74:23:74:Infinity":18,"s:75:6:75:Infinity":19,"s:77:6:77:Infinity":20,"b:77:29:77:62:77:62:77:85":5,"s:82:13:92:Infinity":21,"f:84:2:84:9":4,"s:85:4:90:Infinity":22,"s:86:22:86:Infinity":23,"s:87:6:87:Infinity":24,"s:89:6:89:Infinity":25,"b:89:29:89:62:89:62:89:83":6,"s:94:13:104:Infinity":26,"f:96:2:96:9":5,"s:97:4:102:Infinity":27,"s:98:23:98:Infinity":28,"s:99:6:99:Infinity":29,"s:101:6:101:Infinity":30,"b:101:29:101:62:101:62:101:92":7,"s:106:6:209:Infinity":31,"f:110:20:110:21":6,"s:111:6:111:Infinity":32,"f:113:21:113:22":7,"s:114:6:114:Infinity":33,"f:116:16:116:17":8,"s:117:6:117:Infinity":34,"f:120:17:120:18":9,"s:121:4:207:Infinity":35,"f:123:34:123:35":10,"s:124:8:124:Infinity":36,"s:125:8:125:Infinity":37,"f:127:36:127:37":11,"s:128:8:128:Infinity":38,"s:129:8:129:Infinity":39,"s:130:8:135:Infinity":40,"f:137:35:137:36":12,"s:138:8:138:Infinity":41,"s:139:8:139:Infinity":42,"f:142:37:142:38":13,"s:143:8:143:Infinity":43,"s:144:8:144:Infinity":44,"f:146:39:146:40":14,"s:147:8:147:Infinity":45,"s:148:8:148:Infinity":46,"f:150:38:150:39":15,"s:151:8:151:Infinity":47,"s:152:8:152:Infinity":48,"f:155:34:155:35":16,"s:156:8:156:Infinity":49,"s:157:8:157:Infinity":50,"f:159:36:159:37":17,"s:160:8:160:Infinity":51,"s:161:8:161:Infinity":52,"f:163:35:163:36":18,"s:164:8:164:Infinity":53,"s:165:8:165:Infinity":54,"f:168:34:168:35":19,"s:169:8:169:Infinity":55,"s:170:8:170:Infinity":56,"f:172:36:172:37":20,"s:173:8:173:Infinity":57,"s:174:22:174:Infinity":58,"f:174:43:174:48":21,"s:174:48:174:74":59,"b:175:8:177:Infinity:undefined:undefined:undefined:undefined":8,"s:175:8:177:Infinity":60,"s:176:10:176:Infinity":61,"f:179:35:179:36":22,"s:180:8:180:Infinity":62,"s:181:8:181:Infinity":63,"f:184:34:184:35":23,"s:185:8:185:Infinity":64,"s:186:8:186:Infinity":65,"f:188:36:188:37":24,"s:189:8:189:Infinity":66,"s:190:8:190:Infinity":67,"f:190:39:190:44":25,"s:190:44:190:70":68,"f:192:35:192:36":26,"s:193:8:193:Infinity":69,"s:194:8:194:Infinity":70,"f:197:39:197:40":27,"s:198:8:198:Infinity":71,"s:199:8:199:Infinity":72,"f:201:41:201:42":28,"s:202:8:202:Infinity":73,"f:204:40:204:41":29,"s:205:8:205:Infinity":74,"s:206:8:206:Infinity":75,"s:211:63:211:Infinity":76}}}
,"C:\\Users\\rodrigobarroso\\Documents\\PROJETOS\\rodrigothaualimabarroso964208\\src\\store\\tutorSlice.ts": {"path":"C:\\Users\\rodrigobarroso\\Documents\\PROJETOS\\rodrigothaualimabarroso964208\\src\\store\\tutorSlice.ts","statementMap":{"0":{"start":{"line":20,"column":33},"end":{"line":32,"column":null}},"1":{"start":{"line":34,"column":13},"end":{"line":44,"column":null}},"2":{"start":{"line":37,"column":4},"end":{"line":42,"column":null}},"3":{"start":{"line":38,"column":23},"end":{"line":38,"column":null}},"4":{"start":{"line":39,"column":6},"end":{"line":39,"column":null}},"5":{"start":{"line":41,"column":6},"end":{"line":41,"column":null}},"6":{"start":{"line":46,"column":13},"end":{"line":56,"column":null}},"7":{"start":{"line":49,"column":4},"end":{"line":54,"column":null}},"8":{"start":{"line":50,"column":23},"end":{"line":50,"column":null}},"9":{"start":{"line":51,"column":6},"end":{"line":51,"column":null}},"10":{"start":{"line":53,"column":6},"end":{"line":53,"column":null}},"11":{"start":{"line":58,"column":13},"end":{"line":68,"column":null}},"12":{"start":{"line":61,"column":4},"end":{"line":66,"column":null}},"13":{"start":{"line":62,"column":23},"end":{"line":62,"column":null}},"14":{"start":{"line":63,"column":6},"end":{"line":63,"column":null}},"15":{"start":{"line":65,"column":6},"end":{"line":65,"column":null}},"16":{"start":{"line":70,"column":13},"end":{"line":80,"column":null}},"17":{"start":{"line":73,"column":4},"end":{"line":78,"column":null}},"18":{"start":{"line":74,"column":23},"end":{"line":74,"column":null}},"19":{"start":{"line":75,"column":6},"end":{"line":75,"column":null}},"20":{"start":{"line":77,"column":6},"end":{"line":77,"column":null}},"21":{"start":{"line":82,"column":13},"end":{"line":92,"column":null}},"22":{"start":{"line":85,"column":4},"end":{"line":90,"column":null}},"23":{"start":{"line":86,"column":22},"end":{"line":86,"column":null}},"24":{"start":{"line":87,"column":6},"end":{"line":87,"column":null}},"25":{"start":{"line":89,"column":6},"end":{"line":89,"column":null}},"26":{"start":{"line":94,"column":13},"end":{"line":104,"column":null}},"27":{"start":{"line":97,"column":4},"end":{"line":102,"column":null}},"28":{"start":{"line":98,"column":23},"end":{"line":98,"column":null}},"29":{"start":{"line":99,"column":6},"end":{"line":99,"column":null}},"30":{"start":{"line":101,"column":6},"end":{"line":101,"column":null}},"31":{"start":{"line":106,"column":13},"end":{"line":116,"column":null}},"32":{"start":{"line":109,"column":4},"end":{"line":114,"column":null}},"33":{"start":{"line":110,"column":22},"end":{"line":110,"column":null}},"34":{"start":{"line":111,"column":6},"end":{"line":111,"column":null}},"35":{"start":{"line":113,"column":6},"end":{"line":113,"column":null}},"36":{"start":{"line":118,"column":13},"end":{"line":128,"column":null}},"37":{"start":{"line":121,"column":4},"end":{"line":126,"column":null}},"38":{"start":{"line":122,"column":22},"end":{"line":122,"column":null}},"39":{"start":{"line":123,"column":6},"end":{"line":123,"column":null}},"40":{"start":{"line":125,"column":6},"end":{"line":125,"column":null}},"41":{"start":{"line":130,"column":6},"end":{"line":257,"column":null}},"42":{"start":{"line":135,"column":6},"end":{"line":135,"column":null}},"43":{"start":{"line":138,"column":6},"end":{"line":138,"column":null}},"44":{"start":{"line":141,"column":6},"end":{"line":141,"column":null}},"45":{"start":{"line":145,"column":4},"end":{"line":255,"column":null}},"46":{"start":{"line":148,"column":8},"end":{"line":148,"column":null}},"47":{"start":{"line":149,"column":8},"end":{"line":149,"column":null}},"48":{"start":{"line":152,"column":8},"end":{"line":152,"column":null}},"49":{"start":{"line":153,"column":8},"end":{"line":153,"column":null}},"50":{"start":{"line":154,"column":8},"end":{"line":159,"column":null}},"51":{"start":{"line":162,"column":8},"end":{"line":162,"column":null}},"52":{"start":{"line":163,"column":8},"end":{"line":163,"column":null}},"53":{"start":{"line":167,"column":8},"end":{"line":167,"column":null}},"54":{"start":{"line":168,"column":8},"end":{"line":168,"column":null}},"55":{"start":{"line":171,"column":8},"end":{"line":171,"column":null}},"56":{"start":{"line":172,"column":8},"end":{"line":172,"column":null}},"57":{"start":{"line":175,"column":8},"end":{"line":175,"column":null}},"58":{"start":{"line":176,"column":8},"end":{"line":176,"column":null}},"59":{"start":{"line":180,"column":8},"end":{"line":180,"column":null}},"60":{"start":{"line":181,"column":8},"end":{"line":181,"column":null}},"61":{"start":{"line":184,"column":8},"end":{"line":184,"column":null}},"62":{"start":{"line":185,"column":8},"end":{"line":185,"column":null}},"63":{"start":{"line":188,"column":8},"end":{"line":188,"column":null}},"64":{"start":{"line":189,"column":8},"end":{"line":189,"column":null}},"65":{"start":{"line":193,"column":8},"end":{"line":193,"column":null}},"66":{"start":{"line":194,"column":8},"end":{"line":194,"column":null}},"67":{"start":{"line":197,"column":8},"end":{"line":197,"column":null}},"68":{"start":{"line":198,"column":22},"end":{"line":198,"column":null}},"69":{"start":{"line":198,"column":51},"end":{"line":198,"column":77}},"70":{"start":{"line":199,"column":8},"end":{"line":201,"column":null}},"71":{"start":{"line":200,"column":10},"end":{"line":200,"column":null}},"72":{"start":{"line":204,"column":8},"end":{"line":204,"column":null}},"73":{"start":{"line":205,"column":8},"end":{"line":205,"column":null}},"74":{"start":{"line":209,"column":8},"end":{"line":209,"column":null}},"75":{"start":{"line":210,"column":8},"end":{"line":210,"column":null}},"76":{"start":{"line":213,"column":8},"end":{"line":213,"column":null}},"77":{"start":{"line":214,"column":8},"end":{"line":214,"column":null}},"78":{"start":{"line":214,"column":50},"end":{"line":214,"column":76}},"79":{"start":{"line":217,"column":8},"end":{"line":217,"column":null}},"80":{"start":{"line":218,"column":8},"end":{"line":218,"column":null}},"81":{"start":{"line":222,"column":8},"end":{"line":222,"column":null}},"82":{"start":{"line":223,"column":8},"end":{"line":223,"column":null}},"83":{"start":{"line":226,"column":8},"end":{"line":226,"column":null}},"84":{"start":{"line":229,"column":8},"end":{"line":229,"column":null}},"85":{"start":{"line":230,"column":8},"end":{"line":230,"column":null}},"86":{"start":{"line":234,"column":8},"end":{"line":234,"column":null}},"87":{"start":{"line":235,"column":8},"end":{"line":235,"column":null}},"88":{"start":{"line":238,"column":8},"end":{"line":238,"column":null}},"89":{"start":{"line":241,"column":8},"end":{"line":241,"column":null}},"90":{"start":{"line":242,"column":8},"end":{"line":242,"column":null}},"91":{"start":{"line":246,"column":8},"end":{"line":246,"column":null}},"92":{"start":{"line":247,"column":8},"end":{"line":247,"column":null}},"93":{"start":{"line":250,"column":8},"end":{"line":250,"column":null}},"94":{"start":{"line":253,"column":8},"end":{"line":253,"column":null}},"95":{"start":{"line":254,"column":8},"end":{"line":254,"column":null}},"96":{"start":{"line":259,"column":65},"end":{"line":259,"column":null}}},"fnMap":{"0":{"name":"(anonymous_0)","decl":{"start":{"line":36,"column":2},"end":{"line":36,"column":9}},"loc":{"start":{"line":36,"column":113},"end":{"line":43,"column":null}},"line":36},"1":{"name":"(anonymous_1)","decl":{"start":{"line":48,"column":2},"end":{"line":48,"column":9}},"loc":{"start":{"line":48,"column":45},"end":{"line":55,"column":null}},"line":48},"2":{"name":"(anonymous_2)","decl":{"start":{"line":60,"column":2},"end":{"line":60,"column":9}},"loc":{"start":{"line":60,"column":56},"end":{"line":67,"column":null}},"line":60},"3":{"name":"(anonymous_3)","decl":{"start":{"line":72,"column":2},"end":{"line":72,"column":9}},"loc":{"start":{"line":72,"column":87},"end":{"line":79,"column":null}},"line":72},"4":{"name":"(anonymous_4)","decl":{"start":{"line":84,"column":2},"end":{"line":84,"column":9}},"loc":{"start":{"line":84,"column":45},"end":{"line":91,"column":null}},"line":84},"5":{"name":"(anonymous_5)","decl":{"start":{"line":96,"column":2},"end":{"line":96,"column":9}},"loc":{"start":{"line":96,"column":75},"end":{"line":103,"column":null}},"line":96},"6":{"name":"(anonymous_6)","decl":{"start":{"line":108,"column":2},"end":{"line":108,"column":9}},"loc":{"start":{"line":108,"column":89},"end":{"line":115,"column":null}},"line":108},"7":{"name":"(anonymous_7)","decl":{"start":{"line":120,"column":2},"end":{"line":120,"column":9}},"loc":{"start":{"line":120,"column":89},"end":{"line":127,"column":null}},"line":120},"8":{"name":"(anonymous_8)","decl":{"start":{"line":134,"column":20},"end":{"line":134,"column":21}},"loc":{"start":{"line":134,"column":62},"end":{"line":136,"column":null}},"line":134},"9":{"name":"(anonymous_9)","decl":{"start":{"line":137,"column":23},"end":{"line":137,"column":24}},"loc":{"start":{"line":137,"column":34},"end":{"line":139,"column":null}},"line":137},"10":{"name":"(anonymous_10)","decl":{"start":{"line":140,"column":16},"end":{"line":140,"column":17}},"loc":{"start":{"line":140,"column":27},"end":{"line":142,"column":null}},"line":140},"11":{"name":"(anonymous_11)","decl":{"start":{"line":144,"column":17},"end":{"line":144,"column":18}},"loc":{"start":{"line":144,"column":30},"end":{"line":256,"column":null}},"line":144},"12":{"name":"(anonymous_12)","decl":{"start":{"line":147,"column":37},"end":{"line":147,"column":38}},"loc":{"start":{"line":147,"column":48},"end":{"line":150,"column":7}},"line":147},"13":{"name":"(anonymous_13)","decl":{"start":{"line":151,"column":39},"end":{"line":151,"column":40}},"loc":{"start":{"line":151,"column":99},"end":{"line":160,"column":7}},"line":151},"14":{"name":"(anonymous_14)","decl":{"start":{"line":161,"column":38},"end":{"line":161,"column":39}},"loc":{"start":{"line":161,"column":57},"end":{"line":164,"column":7}},"line":161},"15":{"name":"(anonymous_15)","decl":{"start":{"line":166,"column":39},"end":{"line":166,"column":40}},"loc":{"start":{"line":166,"column":50},"end":{"line":169,"column":7}},"line":166},"16":{"name":"(anonymous_16)","decl":{"start":{"line":170,"column":41},"end":{"line":170,"column":42}},"loc":{"start":{"line":170,"column":90},"end":{"line":173,"column":7}},"line":170},"17":{"name":"(anonymous_17)","decl":{"start":{"line":174,"column":40},"end":{"line":174,"column":41}},"loc":{"start":{"line":174,"column":59},"end":{"line":177,"column":7}},"line":174},"18":{"name":"(anonymous_18)","decl":{"start":{"line":179,"column":36},"end":{"line":179,"column":37}},"loc":{"start":{"line":179,"column":47},"end":{"line":182,"column":7}},"line":179},"19":{"name":"(anonymous_19)","decl":{"start":{"line":183,"column":38},"end":{"line":183,"column":39}},"loc":{"start":{"line":183,"column":79},"end":{"line":186,"column":7}},"line":183},"20":{"name":"(anonymous_20)","decl":{"start":{"line":187,"column":37},"end":{"line":187,"column":38}},"loc":{"start":{"line":187,"column":56},"end":{"line":190,"column":7}},"line":187},"21":{"name":"(anonymous_21)","decl":{"start":{"line":192,"column":36},"end":{"line":192,"column":37}},"loc":{"start":{"line":192,"column":47},"end":{"line":195,"column":7}},"line":192},"22":{"name":"(anonymous_22)","decl":{"start":{"line":196,"column":38},"end":{"line":196,"column":39}},"loc":{"start":{"line":196,"column":79},"end":{"line":202,"column":7}},"line":196},"23":{"name":"(anonymous_23)","decl":{"start":{"line":198,"column":46},"end":{"line":198,"column":51}},"loc":{"start":{"line":198,"column":51},"end":{"line":198,"column":77}},"line":198},"24":{"name":"(anonymous_24)","decl":{"start":{"line":203,"column":37},"end":{"line":203,"column":38}},"loc":{"start":{"line":203,"column":56},"end":{"line":206,"column":7}},"line":203},"25":{"name":"(anonymous_25)","decl":{"start":{"line":208,"column":36},"end":{"line":208,"column":37}},"loc":{"start":{"line":208,"column":47},"end":{"line":211,"column":7}},"line":208},"26":{"name":"(anonymous_26)","decl":{"start":{"line":212,"column":38},"end":{"line":212,"column":39}},"loc":{"start":{"line":212,"column":105},"end":{"line":215,"column":7}},"line":212},"27":{"name":"(anonymous_27)","decl":{"start":{"line":214,"column":45},"end":{"line":214,"column":50}},"loc":{"start":{"line":214,"column":50},"end":{"line":214,"column":76}},"line":214},"28":{"name":"(anonymous_28)","decl":{"start":{"line":216,"column":37},"end":{"line":216,"column":38}},"loc":{"start":{"line":216,"column":56},"end":{"line":219,"column":7}},"line":216},"29":{"name":"(anonymous_29)","decl":{"start":{"line":221,"column":41},"end":{"line":221,"column":42}},"loc":{"start":{"line":221,"column":52},"end":{"line":224,"column":7}},"line":221},"30":{"name":"(anonymous_30)","decl":{"start":{"line":225,"column":43},"end":{"line":225,"column":44}},"loc":{"start":{"line":225,"column":54},"end":{"line":227,"column":7}},"line":225},"31":{"name":"(anonymous_31)","decl":{"start":{"line":228,"column":42},"end":{"line":228,"column":43}},"loc":{"start":{"line":228,"column":61},"end":{"line":231,"column":7}},"line":228},"32":{"name":"(anonymous_32)","decl":{"start":{"line":233,"column":39},"end":{"line":233,"column":40}},"loc":{"start":{"line":233,"column":50},"end":{"line":236,"column":7}},"line":233},"33":{"name":"(anonymous_33)","decl":{"start":{"line":237,"column":41},"end":{"line":237,"column":42}},"loc":{"start":{"line":237,"column":52},"end":{"line":239,"column":7}},"line":237},"34":{"name":"(anonymous_34)","decl":{"start":{"line":240,"column":40},"end":{"line":240,"column":41}},"loc":{"start":{"line":240,"column":59},"end":{"line":243,"column":7}},"line":240},"35":{"name":"(anonymous_35)","decl":{"start":{"line":245,"column":43},"end":{"line":245,"column":44}},"loc":{"start":{"line":245,"column":54},"end":{"line":248,"column":7}},"line":245},"36":{"name":"(anonymous_36)","decl":{"start":{"line":249,"column":45},"end":{"line":249,"column":46}},"loc":{"start":{"line":249,"column":56},"end":{"line":251,"column":7}},"line":249},"37":{"name":"(anonymous_37)","decl":{"start":{"line":252,"column":44},"end":{"line":252,"column":45}},"loc":{"start":{"line":252,"column":63},"end":{"line":255,"column":7}},"line":252}},"branchMap":{"0":{"loc":{"start":{"line":36,"column":11},"end":{"line":36,"column":21}},"type":"default-arg","locations":[{"start":{"line":36,"column":18},"end":{"line":36,"column":21}}],"line":36},"1":{"loc":{"start":{"line":36,"column":21},"end":{"line":36,"column":32}},"type":"default-arg","locations":[{"start":{"line":36,"column":28},"end":{"line":36,"column":32}}],"line":36},"2":{"loc":{"start":{"line":41,"column":29},"end":{"line":41,"column":86}},"type":"binary-expr","locations":[{"start":{"line":41,"column":29},"end":{"line":41,"column":62}},{"start":{"line":41,"column":62},"end":{"line":41,"column":86}}],"line":41},"3":{"loc":{"start":{"line":53,"column":29},"end":{"line":53,"column":84}},"type":"binary-expr","locations":[{"start":{"line":53,"column":29},"end":{"line":53,"column":62}},{"start":{"line":53,"column":62},"end":{"line":53,"column":84}}],"line":53},"4":{"loc":{"start":{"line":65,"column":29},"end":{"line":65,"column":83}},"type":"binary-expr","locations":[{"start":{"line":65,"column":29},"end":{"line":65,"column":62}},{"start":{"line":65,"column":62},"end":{"line":65,"column":83}}],"line":65},"5":{"loc":{"start":{"line":77,"column":29},"end":{"line":77,"column":87}},"type":"binary-expr","locations":[{"start":{"line":77,"column":29},"end":{"line":77,"column":62}},{"start":{"line":77,"column":62},"end":{"line":77,"column":87}}],"line":77},"6":{"loc":{"start":{"line":89,"column":29},"end":{"line":89,"column":85}},"type":"binary-expr","locations":[{"start":{"line":89,"column":29},"end":{"line":89,"column":62}},{"start":{"line":89,"column":62},"end":{"line":89,"column":85}}],"line":89},"7":{"loc":{"start":{"line":101,"column":29},"end":{"line":101,"column":92}},"type":"binary-expr","locations":[{"start":{"line":101,"column":29},"end":{"line":101,"column":62}},{"start":{"line":101,"column":62},"end":{"line":101,"column":92}}],"line":101},"8":{"loc":{"start":{"line":113,"column":29},"end":{"line":113,"column":84}},"type":"binary-expr","locations":[{"start":{"line":113,"column":29},"end":{"line":113,"column":62}},{"start":{"line":113,"column":62},"end":{"line":113,"column":84}}],"line":113},"9":{"loc":{"start":{"line":125,"column":29},"end":{"line":125,"column":87}},"type":"binary-expr","locations":[{"start":{"line":125,"column":29},"end":{"line":125,"column":62}},{"start":{"line":125,"column":62},"end":{"line":125,"column":87}}],"line":125},"10":{"loc":{"start":{"line":199,"column":8},"end":{"line":201,"column":null}},"type":"if","locations":[{"start":{"line":199,"column":8},"end":{"line":201,"column":null}},{"start":{},"end":{}}],"line":199}},"s":{"0":1,"1":1,"2":0,"3":0,"4":0,"5":0,"6":1,"7":0,"8":0,"9":0,"10":0,"11":1,"12":0,"13":0,"14":0,"15":0,"16":1,"17":0,"18":0,"19":0,"20":0,"21":1,"22":0,"23":0,"24":0,"25":0,"26":1,"27":0,"28":0,"29":0,"30":0,"31":1,"32":0,"33":0,"34":0,"35":0,"36":1,"37":0,"38":0,"39":0,"40":0,"41":1,"42":0,"43":0,"44":0,"45":1,"46":1,"47":1,"48":1,"49":1,"50":1,"51":1,"52":1,"53":0,"54":0,"55":0,"56":0,"57":0,"58":0,"59":0,"60":0,"61":0,"62":0,"63":0,"64":0,"65":0,"66":0,"67":0,"68":0,"69":0,"70":0,"71":0,"72":0,"73":0,"74":0,"75":0,"76":0,"77":0,"78":0,"79":0,"80":0,"81":0,"82":0,"83":0,"84":0,"85":0,"86":0,"87":0,"88":0,"89":0,"90":0,"91":0,"92":0,"93":0,"94":0,"95":0,"96":1},"f":{"0":0,"1":0,"2":0,"3":0,"4":0,"5":0,"6":0,"7":0,"8":0,"9":0,"10":0,"11":1,"12":1,"13":1,"14":1,"15":0,"16":0,"17":0,"18":0,"19":0,"20":0,"21":0,"22":0,"23":0,"24":0,"25":0,"26":0,"27":0,"28":0,"29":0,"30":0,"31":0,"32":0,"33":0,"34":0,"35":0,"36":0,"37":0},"b":{"0":[0],"1":[0],"2":[0,0],"3":[0,0],"4":[0,0],"5":[0,0],"6":[0,0],"7":[0,0],"8":[0,0],"9":[0,0],"10":[0,0]},"meta":{"lastBranch":11,"lastFunction":38,"lastStatement":97,"seen":{"s:20:33:32:Infinity":0,"s:34:13:44:Infinity":1,"f:36:2:36:9":0,"b:36:18:36:21":0,"b:36:28:36:32":1,"s:37:4:42:Infinity":2,"s:38:23:38:Infinity":3,"s:39:6:39:Infinity":4,"s:41:6:41:Infinity":5,"b:41:29:41:62:41:62:41:86":2,"s:46:13:56:Infinity":6,"f:48:2:48:9":1,"s:49:4:54:Infinity":7,"s:50:23:50:Infinity":8,"s:51:6:51:Infinity":9,"s:53:6:53:Infinity":10,"b:53:29:53:62:53:62:53:84":3,"s:58:13:68:Infinity":11,"f:60:2:60:9":2,"s:61:4:66:Infinity":12,"s:62:23:62:Infinity":13,"s:63:6:63:Infinity":14,"s:65:6:65:Infinity":15,"b:65:29:65:62:65:62:65:83":4,"s:70:13:80:Infinity":16,"f:72:2:72:9":3,"s:73:4:78:Infinity":17,"s:74:23:74:Infinity":18,"s:75:6:75:Infinity":19,"s:77:6:77:Infinity":20,"b:77:29:77:62:77:62:77:87":5,"s:82:13:92:Infinity":21,"f:84:2:84:9":4,"s:85:4:90:Infinity":22,"s:86:22:86:Infinity":23,"s:87:6:87:Infinity":24,"s:89:6:89:Infinity":25,"b:89:29:89:62:89:62:89:85":6,"s:94:13:104:Infinity":26,"f:96:2:96:9":5,"s:97:4:102:Infinity":27,"s:98:23:98:Infinity":28,"s:99:6:99:Infinity":29,"s:101:6:101:Infinity":30,"b:101:29:101:62:101:62:101:92":7,"s:106:13:116:Infinity":31,"f:108:2:108:9":6,"s:109:4:114:Infinity":32,"s:110:22:110:Infinity":33,"s:111:6:111:Infinity":34,"s:113:6:113:Infinity":35,"b:113:29:113:62:113:62:113:84":8,"s:118:13:128:Infinity":36,"f:120:2:120:9":7,"s:121:4:126:Infinity":37,"s:122:22:122:Infinity":38,"s:123:6:123:Infinity":39,"s:125:6:125:Infinity":40,"b:125:29:125:62:125:62:125:87":9,"s:130:6:257:Infinity":41,"f:134:20:134:21":8,"s:135:6:135:Infinity":42,"f:137:23:137:24":9,"s:138:6:138:Infinity":43,"f:140:16:140:17":10,"s:141:6:141:Infinity":44,"f:144:17:144:18":11,"s:145:4:255:Infinity":45,"f:147:37:147:38":12,"s:148:8:148:Infinity":46,"s:149:8:149:Infinity":47,"f:151:39:151:40":13,"s:152:8:152:Infinity":48,"s:153:8:153:Infinity":49,"s:154:8:159:Infinity":50,"f:161:38:161:39":14,"s:162:8:162:Infinity":51,"s:163:8:163:Infinity":52,"f:166:39:166:40":15,"s:167:8:167:Infinity":53,"s:168:8:168:Infinity":54,"f:170:41:170:42":16,"s:171:8:171:Infinity":55,"s:172:8:172:Infinity":56,"f:174:40:174:41":17,"s:175:8:175:Infinity":57,"s:176:8:176:Infinity":58,"f:179:36:179:37":18,"s:180:8:180:Infinity":59,"s:181:8:181:Infinity":60,"f:183:38:183:39":19,"s:184:8:184:Infinity":61,"s:185:8:185:Infinity":62,"f:187:37:187:38":20,"s:188:8:188:Infinity":63,"s:189:8:189:Infinity":64,"f:192:36:192:37":21,"s:193:8:193:Infinity":65,"s:194:8:194:Infinity":66,"f:196:38:196:39":22,"s:197:8:197:Infinity":67,"s:198:22:198:Infinity":68,"f:198:46:198:51":23,"s:198:51:198:77":69,"b:199:8:201:Infinity:undefined:undefined:undefined:undefined":10,"s:199:8:201:Infinity":70,"s:200:10:200:Infinity":71,"f:203:37:203:38":24,"s:204:8:204:Infinity":72,"s:205:8:205:Infinity":73,"f:208:36:208:37":25,"s:209:8:209:Infinity":74,"s:210:8:210:Infinity":75,"f:212:38:212:39":26,"s:213:8:213:Infinity":76,"s:214:8:214:Infinity":77,"f:214:45:214:50":27,"s:214:50:214:76":78,"f:216:37:216:38":28,"s:217:8:217:Infinity":79,"s:218:8:218:Infinity":80,"f:221:41:221:42":29,"s:222:8:222:Infinity":81,"s:223:8:223:Infinity":82,"f:225:43:225:44":30,"s:226:8:226:Infinity":83,"f:228:42:228:43":31,"s:229:8:229:Infinity":84,"s:230:8:230:Infinity":85,"f:233:39:233:40":32,"s:234:8:234:Infinity":86,"s:235:8:235:Infinity":87,"f:237:41:237:42":33,"s:238:8:238:Infinity":88,"f:240:40:240:41":34,"s:241:8:241:Infinity":89,"s:242:8:242:Infinity":90,"f:245:43:245:44":35,"s:246:8:246:Infinity":91,"s:247:8:247:Infinity":92,"f:249:45:249:46":36,"s:250:8:250:Infinity":93,"f:252:44:252:45":37,"s:253:8:253:Infinity":94,"s:254:8:254:Infinity":95,"s:259:65:259:Infinity":96}}}
}
